<?xml version="1.0" encoding="UTF-8"?>
<!-- Generated by org.testng.reporters.JUnitReportReporter -->
<testsuite skipped="0" hostname="DESKTOP-68BCR7S" name="com.sgtesting.tests.users.Users" tests="3" failures="0" timestamp="2023-08-10T08:18:08 IST" time="2.094" errors="0">
  <testcase name="createUser" time="1.870" classname="com.sgtesting.tests.users.Users"/>
  <system-out/>
  <testcase name="displayUser" time="0.116" classname="com.sgtesting.tests.users.Users"/>
  <system-out/>
  <testcase name="deleteUser" time="0.108" classname="com.sgtesting.tests.users.Users"/>
  <system-out/>
</testsuite> <!-- com.sgtesting.tests.users.Users -->
