<?xml version="1.0" encoding="UTF-8"?>
<!-- Generated by org.testng.reporters.JUnitReportReporter -->
<testsuite skipped="0" hostname="DESKTOP-68BCR7S" name="com.sgtesting.tests.users.Users" tests="4" failures="0" timestamp="2023-07-22T10:04:52 IST" time="0.017" errors="0">
  <testcase name="testcase1" time="0.008" classname="com.sgtesting.tests.users.Users"/>
  <system-out/>
  <testcase name="testcase2" time="0.004" classname="com.sgtesting.tests.users.Users"/>
  <system-out/>
  <testcase name="testcase3" time="0.002" classname="com.sgtesting.tests.users.Users"/>
  <system-out/>
  <testcase name="testcase4" time="0.003" classname="com.sgtesting.tests.users.Users"/>
  <system-out/>
</testsuite> <!-- com.sgtesting.tests.users.Users -->
